Using pre-set license
Built from '2020.2/staging' branch; Version is '2020.2.6f1 (8a2143876886) revision 9052483'; Using compiler version '192528614'; Build Type 'Release'
OS: 'Windows 10 Pro; OS build 19042.928; Version 2009; 64bit' Language: 'sr' Physical Memory: 8056 MB
BatchMode: 1, IsHumanControllingUs: 0, StartBugReporterOnCrash: 0, Is64bit: 1, IsPro: 0

 COMMAND LINE ARGUMENTS:
C:\Program Files\Unity\Hub\Editor\2020.2.6f1\Editor\Unity.exe
-adb2
-batchMode
-noUpm
-name
AssetImportWorker0
-projectPath
C:/Users/User/Desktop/DIPRI-main
-logFile
Logs/AssetImportWorker0.log
-srvPort
62173
Successfully changed project path to: C:/Users/User/Desktop/DIPRI-main
C:/Users/User/Desktop/DIPRI-main
Using Asset Import Pipeline V2.
Refreshing native plugins compatible for Editor in 93.38 ms, found 0 plugins.
Preloading 0 native plugins for Editor in 0.00 ms.
Initialize engine version: 2020.2.6f1 (8a2143876886)
[Subsystems] Discovering subsystems at path C:/Program Files/Unity/Hub/Editor/2020.2.6f1/Editor/Data/Resources/UnitySubsystems
[Subsystems] Discovering subsystems at path C:/Users/User/Desktop/DIPRI-main/Assets
GfxDevice: creating device client; threaded=0
Direct3D:
    Version:  Direct3D 11.0 [level 11.0]
    Renderer: NVIDIA GeForce 940MX (ID=0x134d)
    Vendor:   
    VRAM:     2020 MB
    Driver:   23.21.13.8857
Shader 'Universal Render Pipeline/Particles/Lit': fallback shader 'Universal Render Pipeline/Particles/SimpleLit' not found
Initialize mono
Mono path[0] = 'C:/Program Files/Unity/Hub/Editor/2020.2.6f1/Editor/Data/Managed'
Mono path[1] = 'C:/Program Files/Unity/Hub/Editor/2020.2.6f1/Editor/Data/MonoBleedingEdge/lib/mono/unityjit'
Mono config path = 'C:/Program Files/Unity/Hub/Editor/2020.2.6f1/Editor/Data/MonoBleedingEdge/etc'
Using monoOptions --debugger-agent=transport=dt_socket,embedding=1,server=y,suspend=n,address=127.0.0.1:56372
Begin MonoManager ReloadAssembly
Registering precompiled unity dll's ...
Register platform support module: C:/Program Files/Unity/Hub/Editor/2020.2.6f1/Editor/Data/PlaybackEngines/WindowsStandaloneSupport/UnityEditor.WindowsStandalone.Extensions.dll
Registered in 0.003772 seconds.
Native extension for WindowsStandalone target not found
Refreshing native plugins compatible for Editor in 191.01 ms, found 0 plugins.
Preloading 0 native plugins for Editor in 0.00 ms.
Invoked RoslynAnalysisRunner static constructor.
RoslynAnalysisRunner will not be running.
RoslynAnalysisRunner has terminated.
Mono: successfully reloaded assembly
- Completed reload, in  1.936 seconds
Platform modules already initialized, skipping
Registering precompiled user dll's ...
Registered in 0.003437 seconds.
Begin MonoManager ReloadAssembly
Native extension for WindowsStandalone target not found
Refreshing native plugins compatible for Editor in 186.37 ms, found 0 plugins.
Preloading 0 native plugins for Editor in 0.00 ms.
Invoked RoslynAnalysisRunner static constructor.
RoslynAnalysisRunner will not be running.
RoslynAnalysisRunner has terminated.
Mono: successfully reloaded assembly
- Completed reload, in  2.586 seconds
Platform modules already initialized, skipping
========================================================================
Worker process is ready to serve import requests
Shader 'Universal Render Pipeline/Particles/Lit': fallback shader 'Universal Render Pipeline/Particles/SimpleLit' not found
Launched and connected shader compiler UnityShaderCompiler.exe after 0.08 seconds
D3D shader create error for vertex shader [0x80070057]
D3D shader create error for vertex shader [0x80070057]
D3D shader create error for vertex shader [0x80070057]
D3D shader create error for domain shader [0x80070057]
D3D shader create error for domain shader [0x80070057]
D3D shader create error for vertex shader [0x80070057]
Refreshing native plugins compatible for Editor in 0.89 ms, found 0 plugins.
Preloading 0 native plugins for Editor in 0.00 ms.
Unloading 3668 Unused Serialized files (Serialized files now loaded: 0)
System memory in use before: 170.1 MB.
System memory in use after: 170.3 MB.

Unloading 10 unused Assets to reduce memory usage. Loaded Objects now: 4111.
Total: 3.470800 ms (FindLiveObjects: 0.303400 ms CreateObjectMapping: 0.212000 ms MarkObjects: 2.865300 ms  DeleteObjects: 0.088500 ms)

========================================================================
Received Import Request.
  path: Assets/Music/400632__inspectorj__ambience-seaside-waves-close-a.wav
  artifactKey: Guid(25ffd42b5d3637d45a32d5e342e649ea) Importer(815301076,1909f56bfc062723c751e8b465ee728b)
Start importing Assets/Music/400632__inspectorj__ambience-seaside-waves-close-a.wav using Guid(25ffd42b5d3637d45a32d5e342e649ea) Importer(815301076,1909f56bfc062723c751e8b465ee728b)  -> (artifact id: 'c27a2113e22cd9c91628feeb66ad35d7') in 0.215965 seconds
  Import took 0.226798 seconds .

========================================================================
Received Import Request.
  Time since last request: 27.712255 seconds.
  path: Assets/Music/164911__metaepitome__sea-wave.wav
  artifactKey: Guid(2ac402fb7506c0e4cb62b55a0dc1e84e) Importer(815301076,1909f56bfc062723c751e8b465ee728b)
Start importing Assets/Music/164911__metaepitome__sea-wave.wav using Guid(2ac402fb7506c0e4cb62b55a0dc1e84e) Importer(815301076,1909f56bfc062723c751e8b465ee728b)  -> (artifact id: '1af68ff54b5e1aafce51715349003352') in 0.014342 seconds
  Import took 0.023426 seconds .

========================================================================
Received Import Request.
  Time since last request: 0.006446 seconds.
  path: Assets/Music/164911__metaepitome__sea-wave.wav
  artifactKey: Guid(2ac402fb7506c0e4cb62b55a0dc1e84e) Importer(815301076,1909f56bfc062723c751e8b465ee728b)
Start importing Assets/Music/164911__metaepitome__sea-wave.wav using Guid(2ac402fb7506c0e4cb62b55a0dc1e84e) Importer(815301076,1909f56bfc062723c751e8b465ee728b)  -> (artifact id: '1af68ff54b5e1aafce51715349003352') in 0.011736 seconds
  Import took 0.020569 seconds .

========================================================================
Received Prepare
Registering precompiled user dll's ...
Registered in 0.004808 seconds.
Begin MonoManager ReloadAssembly
Native extension for WindowsStandalone target not found
Refreshing native plugins compatible for Editor in 1.06 ms, found 0 plugins.
Preloading 0 native plugins for Editor in 0.00 ms.
Invoked RoslynAnalysisRunner static constructor.
RoslynAnalysisRunner will not be running.
RoslynAnalysisRunner has terminated.
Mono: successfully reloaded assembly
- Completed reload, in  2.266 seconds
Platform modules already initialized, skipping
Shader 'Universal Render Pipeline/Particles/Lit': fallback shader 'Universal Render Pipeline/Particles/SimpleLit' not found
D3D shader create error for vertex shader [0x80070057]
D3D shader create error for vertex shader [0x80070057]
D3D shader create error for vertex shader [0x80070057]
D3D shader create error for domain shader [0x80070057]
D3D shader create error for domain shader [0x80070057]
D3D shader create error for vertex shader [0x80070057]
Refreshing native plugins compatible for Editor in 0.93 ms, found 0 plugins.
Preloading 0 native plugins for Editor in 0.00 ms.
Unloading 3472 Unused Serialized files (Serialized files now loaded: 0)
System memory in use before: 160.6 MB.
System memory in use after: 160.8 MB.

Unloading 5 unused Assets to reduce memory usage. Loaded Objects now: 4122.
Total: 6.197700 ms (FindLiveObjects: 0.595300 ms CreateObjectMapping: 0.370700 ms MarkObjects: 5.190100 ms  DeleteObjects: 0.038300 ms)

